<?xml version="1.0" encoding="UTF-8"?>
<testsuite xmlns:xsi="http://www.w3.org/2001/XMLSchema-instance" xsi:noNamespaceSchemaLocation="https://maven.apache.org/surefire/maven-surefire-plugin/xsd/surefire-test-report-3.0.xsd" version="3.0" name="com.dlut.bugtestmanage.BugTestManageApplicationTests" time="4.562" tests="1" errors="0" skipped="0" failures="0">
  <properties>
    <property name="java.specification.version" value="17"/>
    <property name="sun.cpu.isalist" value="amd64"/>
    <property name="sun.jnu.encoding" value="GBK"/>
    <property name="java.class.path" value="D:\大四上学期学习资料\实习实训\东软BUG测试管理系统\后端代码\bugtestall\target\test-classes;D:\大四上学期学习资料\实习实训\东软BUG测试管理系统\后端代码\bugtestall\target\classes;D:\Tool\.maven\repository\org\springframework\boot\spring-boot-starter-web\2.6.13\spring-boot-starter-web-2.6.13.jar;D:\Tool\.maven\repository\org\springframework\boot\spring-boot-starter\2.6.13\spring-boot-starter-2.6.13.jar;D:\Tool\.maven\repository\org\springframework\boot\spring-boot\2.6.13\spring-boot-2.6.13.jar;D:\Tool\.maven\repository\org\springframework\boot\spring-boot-starter-logging\2.6.13\spring-boot-starter-logging-2.6.13.jar;D:\Tool\.maven\repository\ch\qos\logback\logback-classic\1.2.11\logback-classic-1.2.11.jar;D:\Tool\.maven\repository\ch\qos\logback\logback-core\1.2.11\logback-core-1.2.11.jar;D:\Tool\.maven\repository\org\apache\logging\log4j\log4j-to-slf4j\2.17.2\log4j-to-slf4j-2.17.2.jar;D:\Tool\.maven\repository\org\apache\logging\log4j\log4j-api\2.17.2\log4j-api-2.17.2.jar;D:\Tool\.maven\repository\org\slf4j\jul-to-slf4j\1.7.36\jul-to-slf4j-1.7.36.jar;D:\Tool\.maven\repository\jakarta\annotation\jakarta.annotation-api\1.3.5\jakarta.annotation-api-1.3.5.jar;D:\Tool\.maven\repository\org\yaml\snakeyaml\1.29\snakeyaml-1.29.jar;D:\Tool\.maven\repository\org\springframework\boot\spring-boot-starter-json\2.6.13\spring-boot-starter-json-2.6.13.jar;D:\Tool\.maven\repository\com\fasterxml\jackson\datatype\jackson-datatype-jdk8\2.13.4\jackson-datatype-jdk8-2.13.4.jar;D:\Tool\.maven\repository\com\fasterxml\jackson\datatype\jackson-datatype-jsr310\2.13.4\jackson-datatype-jsr310-2.13.4.jar;D:\Tool\.maven\repository\com\fasterxml\jackson\module\jackson-module-parameter-names\2.13.4\jackson-module-parameter-names-2.13.4.jar;D:\Tool\.maven\repository\org\springframework\boot\spring-boot-starter-tomcat\2.6.13\spring-boot-starter-tomcat-2.6.13.jar;D:\Tool\.maven\repository\org\apache\tomcat\embed\tomcat-embed-core\9.0.68\tomcat-embed-core-9.0.68.jar;D:\Tool\.maven\repository\org\apache\tomcat\embed\tomcat-embed-el\9.0.68\tomcat-embed-el-9.0.68.jar;D:\Tool\.maven\repository\org\apache\tomcat\embed\tomcat-embed-websocket\9.0.68\tomcat-embed-websocket-9.0.68.jar;D:\Tool\.maven\repository\org\springframework\spring-web\5.3.23\spring-web-5.3.23.jar;D:\Tool\.maven\repository\org\springframework\spring-beans\5.3.23\spring-beans-5.3.23.jar;D:\Tool\.maven\repository\org\springframework\spring-webmvc\5.3.23\spring-webmvc-5.3.23.jar;D:\Tool\.maven\repository\org\springframework\spring-aop\5.3.23\spring-aop-5.3.23.jar;D:\Tool\.maven\repository\org\springframework\spring-context\5.3.23\spring-context-5.3.23.jar;D:\Tool\.maven\repository\org\springframework\spring-expression\5.3.23\spring-expression-5.3.23.jar;D:\Tool\.maven\repository\org\projectlombok\lombok\1.18.24\lombok-1.18.24.jar;D:\Tool\.maven\repository\org\springframework\boot\spring-boot-starter-test\2.6.13\spring-boot-starter-test-2.6.13.jar;D:\Tool\.maven\repository\org\springframework\boot\spring-boot-test\2.6.13\spring-boot-test-2.6.13.jar;D:\Tool\.maven\repository\org\springframework\boot\spring-boot-test-autoconfigure\2.6.13\spring-boot-test-autoconfigure-2.6.13.jar;D:\Tool\.maven\repository\com\jayway\jsonpath\json-path\2.6.0\json-path-2.6.0.jar;D:\Tool\.maven\repository\net\minidev\json-smart\2.4.8\json-smart-2.4.8.jar;D:\Tool\.maven\repository\net\minidev\accessors-smart\2.4.8\accessors-smart-2.4.8.jar;D:\Tool\.maven\repository\org\ow2\asm\asm\9.1\asm-9.1.jar;D:\Tool\.maven\repository\org\slf4j\slf4j-api\1.7.36\slf4j-api-1.7.36.jar;D:\Tool\.maven\repository\jakarta\xml\bind\jakarta.xml.bind-api\2.3.3\jakarta.xml.bind-api-2.3.3.jar;D:\Tool\.maven\repository\jakarta\activation\jakarta.activation-api\1.2.2\jakarta.activation-api-1.2.2.jar;D:\Tool\.maven\repository\org\assertj\assertj-core\3.21.0\assertj-core-3.21.0.jar;D:\Tool\.maven\repository\org\hamcrest\hamcrest\2.2\hamcrest-2.2.jar;D:\Tool\.maven\repository\org\junit\jupiter\junit-jupiter\5.8.2\junit-jupiter-5.8.2.jar;D:\Tool\.maven\repository\org\junit\jupiter\junit-jupiter-api\5.8.2\junit-jupiter-api-5.8.2.jar;D:\Tool\.maven\repository\org\opentest4j\opentest4j\1.2.0\opentest4j-1.2.0.jar;D:\Tool\.maven\repository\org\junit\platform\junit-platform-commons\1.8.2\junit-platform-commons-1.8.2.jar;D:\Tool\.maven\repository\org\apiguardian\apiguardian-api\1.1.2\apiguardian-api-1.1.2.jar;D:\Tool\.maven\repository\org\junit\jupiter\junit-jupiter-params\5.8.2\junit-jupiter-params-5.8.2.jar;D:\Tool\.maven\repository\org\junit\jupiter\junit-jupiter-engine\5.8.2\junit-jupiter-engine-5.8.2.jar;D:\Tool\.maven\repository\org\junit\platform\junit-platform-engine\1.8.2\junit-platform-engine-1.8.2.jar;D:\Tool\.maven\repository\org\mockito\mockito-core\4.0.0\mockito-core-4.0.0.jar;D:\Tool\.maven\repository\net\bytebuddy\byte-buddy\1.11.22\byte-buddy-1.11.22.jar;D:\Tool\.maven\repository\net\bytebuddy\byte-buddy-agent\1.11.22\byte-buddy-agent-1.11.22.jar;D:\Tool\.maven\repository\org\objenesis\objenesis\3.2\objenesis-3.2.jar;D:\Tool\.maven\repository\org\mockito\mockito-junit-jupiter\4.0.0\mockito-junit-jupiter-4.0.0.jar;D:\Tool\.maven\repository\org\skyscreamer\jsonassert\1.5.1\jsonassert-1.5.1.jar;D:\Tool\.maven\repository\com\vaadin\external\google\android-json\0.0.20131108.vaadin1\android-json-0.0.20131108.vaadin1.jar;D:\Tool\.maven\repository\org\springframework\spring-core\5.3.23\spring-core-5.3.23.jar;D:\Tool\.maven\repository\org\springframework\spring-jcl\5.3.23\spring-jcl-5.3.23.jar;D:\Tool\.maven\repository\org\springframework\spring-test\5.3.23\spring-test-5.3.23.jar;D:\Tool\.maven\repository\org\xmlunit\xmlunit-core\2.8.4\xmlunit-core-2.8.4.jar;D:\Tool\.maven\repository\com\baomidou\mybatis-plus-boot-starter\3.5.2\mybatis-plus-boot-starter-3.5.2.jar;D:\Tool\.maven\repository\com\baomidou\mybatis-plus\3.5.2\mybatis-plus-3.5.2.jar;D:\Tool\.maven\repository\com\baomidou\mybatis-plus-extension\3.5.2\mybatis-plus-extension-3.5.2.jar;D:\Tool\.maven\repository\com\baomidou\mybatis-plus-core\3.5.2\mybatis-plus-core-3.5.2.jar;D:\Tool\.maven\repository\com\baomidou\mybatis-plus-annotation\3.5.2\mybatis-plus-annotation-3.5.2.jar;D:\Tool\.maven\repository\com\github\jsqlparser\jsqlparser\4.4\jsqlparser-4.4.jar;D:\Tool\.maven\repository\org\mybatis\mybatis\3.5.10\mybatis-3.5.10.jar;D:\Tool\.maven\repository\org\mybatis\mybatis-spring\2.0.7\mybatis-spring-2.0.7.jar;D:\Tool\.maven\repository\org\jetbrains\kotlin\kotlin-stdlib-jdk8\1.6.21\kotlin-stdlib-jdk8-1.6.21.jar;D:\Tool\.maven\repository\org\jetbrains\kotlin\kotlin-stdlib\1.6.21\kotlin-stdlib-1.6.21.jar;D:\Tool\.maven\repository\org\jetbrains\kotlin\kotlin-stdlib-common\1.6.21\kotlin-stdlib-common-1.6.21.jar;D:\Tool\.maven\repository\org\jetbrains\annotations\13.0\annotations-13.0.jar;D:\Tool\.maven\repository\org\jetbrains\kotlin\kotlin-stdlib-jdk7\1.6.21\kotlin-stdlib-jdk7-1.6.21.jar;D:\Tool\.maven\repository\org\springframework\boot\spring-boot-autoconfigure\2.6.13\spring-boot-autoconfigure-2.6.13.jar;D:\Tool\.maven\repository\org\springframework\boot\spring-boot-starter-jdbc\2.6.13\spring-boot-starter-jdbc-2.6.13.jar;D:\Tool\.maven\repository\com\zaxxer\HikariCP\4.0.3\HikariCP-4.0.3.jar;D:\Tool\.maven\repository\org\springframework\spring-jdbc\5.3.23\spring-jdbc-5.3.23.jar;D:\Tool\.maven\repository\org\springframework\spring-tx\5.3.23\spring-tx-5.3.23.jar;D:\Tool\.maven\repository\com\mysql\mysql-connector-j\8.3.0\mysql-connector-j-8.3.0.jar;D:\Tool\.maven\repository\com\alibaba\fastjson\1.2.33\fastjson-1.2.33.jar;D:\Tool\.maven\repository\io\jsonwebtoken\jjwt-api\0.11.5\jjwt-api-0.11.5.jar;D:\Tool\.maven\repository\io\jsonwebtoken\jjwt-impl\0.11.5\jjwt-impl-0.11.5.jar;D:\Tool\.maven\repository\io\jsonwebtoken\jjwt-jackson\0.11.5\jjwt-jackson-0.11.5.jar;D:\Tool\.maven\repository\com\fasterxml\jackson\core\jackson-databind\2.13.4.2\jackson-databind-2.13.4.2.jar;D:\Tool\.maven\repository\com\fasterxml\jackson\core\jackson-annotations\2.13.4\jackson-annotations-2.13.4.jar;D:\Tool\.maven\repository\com\fasterxml\jackson\core\jackson-core\2.13.4\jackson-core-2.13.4.jar;"/>
    <property name="java.vm.vendor" value="Oracle Corporation"/>
    <property name="sun.arch.data.model" value="64"/>
    <property name="user.variant" value=""/>
    <property name="java.vendor.url" value="https://java.oracle.com/"/>
    <property name="user.timezone" value="Asia/Shanghai"/>
    <property name="os.name" value="Windows 11"/>
    <property name="java.vm.specification.version" value="17"/>
    <property name="sun.java.launcher" value="SUN_STANDARD"/>
    <property name="user.country" value="CN"/>
    <property name="sun.boot.library.path" value="D:\java17\bin"/>
    <property name="sun.java.command" value="C:\Users\LJF\AppData\Local\Temp\surefire13226396373126299054\surefirebooter-20241128191441496_3.jar C:\Users\LJF\AppData\Local\Temp\surefire13226396373126299054 2024-11-28T19-14-41_299-jvmRun1 surefire-20241128191441496_1tmp surefire_0-20241128191441496_2tmp"/>
    <property name="jdk.debug" value="release"/>
    <property name="surefire.test.class.path" value="D:\大四上学期学习资料\实习实训\东软BUG测试管理系统\后端代码\bugtestall\target\test-classes;D:\大四上学期学习资料\实习实训\东软BUG测试管理系统\后端代码\bugtestall\target\classes;D:\Tool\.maven\repository\org\springframework\boot\spring-boot-starter-web\2.6.13\spring-boot-starter-web-2.6.13.jar;D:\Tool\.maven\repository\org\springframework\boot\spring-boot-starter\2.6.13\spring-boot-starter-2.6.13.jar;D:\Tool\.maven\repository\org\springframework\boot\spring-boot\2.6.13\spring-boot-2.6.13.jar;D:\Tool\.maven\repository\org\springframework\boot\spring-boot-starter-logging\2.6.13\spring-boot-starter-logging-2.6.13.jar;D:\Tool\.maven\repository\ch\qos\logback\logback-classic\1.2.11\logback-classic-1.2.11.jar;D:\Tool\.maven\repository\ch\qos\logback\logback-core\1.2.11\logback-core-1.2.11.jar;D:\Tool\.maven\repository\org\apache\logging\log4j\log4j-to-slf4j\2.17.2\log4j-to-slf4j-2.17.2.jar;D:\Tool\.maven\repository\org\apache\logging\log4j\log4j-api\2.17.2\log4j-api-2.17.2.jar;D:\Tool\.maven\repository\org\slf4j\jul-to-slf4j\1.7.36\jul-to-slf4j-1.7.36.jar;D:\Tool\.maven\repository\jakarta\annotation\jakarta.annotation-api\1.3.5\jakarta.annotation-api-1.3.5.jar;D:\Tool\.maven\repository\org\yaml\snakeyaml\1.29\snakeyaml-1.29.jar;D:\Tool\.maven\repository\org\springframework\boot\spring-boot-starter-json\2.6.13\spring-boot-starter-json-2.6.13.jar;D:\Tool\.maven\repository\com\fasterxml\jackson\datatype\jackson-datatype-jdk8\2.13.4\jackson-datatype-jdk8-2.13.4.jar;D:\Tool\.maven\repository\com\fasterxml\jackson\datatype\jackson-datatype-jsr310\2.13.4\jackson-datatype-jsr310-2.13.4.jar;D:\Tool\.maven\repository\com\fasterxml\jackson\module\jackson-module-parameter-names\2.13.4\jackson-module-parameter-names-2.13.4.jar;D:\Tool\.maven\repository\org\springframework\boot\spring-boot-starter-tomcat\2.6.13\spring-boot-starter-tomcat-2.6.13.jar;D:\Tool\.maven\repository\org\apache\tomcat\embed\tomcat-embed-core\9.0.68\tomcat-embed-core-9.0.68.jar;D:\Tool\.maven\repository\org\apache\tomcat\embed\tomcat-embed-el\9.0.68\tomcat-embed-el-9.0.68.jar;D:\Tool\.maven\repository\org\apache\tomcat\embed\tomcat-embed-websocket\9.0.68\tomcat-embed-websocket-9.0.68.jar;D:\Tool\.maven\repository\org\springframework\spring-web\5.3.23\spring-web-5.3.23.jar;D:\Tool\.maven\repository\org\springframework\spring-beans\5.3.23\spring-beans-5.3.23.jar;D:\Tool\.maven\repository\org\springframework\spring-webmvc\5.3.23\spring-webmvc-5.3.23.jar;D:\Tool\.maven\repository\org\springframework\spring-aop\5.3.23\spring-aop-5.3.23.jar;D:\Tool\.maven\repository\org\springframework\spring-context\5.3.23\spring-context-5.3.23.jar;D:\Tool\.maven\repository\org\springframework\spring-expression\5.3.23\spring-expression-5.3.23.jar;D:\Tool\.maven\repository\org\projectlombok\lombok\1.18.24\lombok-1.18.24.jar;D:\Tool\.maven\repository\org\springframework\boot\spring-boot-starter-test\2.6.13\spring-boot-starter-test-2.6.13.jar;D:\Tool\.maven\repository\org\springframework\boot\spring-boot-test\2.6.13\spring-boot-test-2.6.13.jar;D:\Tool\.maven\repository\org\springframework\boot\spring-boot-test-autoconfigure\2.6.13\spring-boot-test-autoconfigure-2.6.13.jar;D:\Tool\.maven\repository\com\jayway\jsonpath\json-path\2.6.0\json-path-2.6.0.jar;D:\Tool\.maven\repository\net\minidev\json-smart\2.4.8\json-smart-2.4.8.jar;D:\Tool\.maven\repository\net\minidev\accessors-smart\2.4.8\accessors-smart-2.4.8.jar;D:\Tool\.maven\repository\org\ow2\asm\asm\9.1\asm-9.1.jar;D:\Tool\.maven\repository\org\slf4j\slf4j-api\1.7.36\slf4j-api-1.7.36.jar;D:\Tool\.maven\repository\jakarta\xml\bind\jakarta.xml.bind-api\2.3.3\jakarta.xml.bind-api-2.3.3.jar;D:\Tool\.maven\repository\jakarta\activation\jakarta.activation-api\1.2.2\jakarta.activation-api-1.2.2.jar;D:\Tool\.maven\repository\org\assertj\assertj-core\3.21.0\assertj-core-3.21.0.jar;D:\Tool\.maven\repository\org\hamcrest\hamcrest\2.2\hamcrest-2.2.jar;D:\Tool\.maven\repository\org\junit\jupiter\junit-jupiter\5.8.2\junit-jupiter-5.8.2.jar;D:\Tool\.maven\repository\org\junit\jupiter\junit-jupiter-api\5.8.2\junit-jupiter-api-5.8.2.jar;D:\Tool\.maven\repository\org\opentest4j\opentest4j\1.2.0\opentest4j-1.2.0.jar;D:\Tool\.maven\repository\org\junit\platform\junit-platform-commons\1.8.2\junit-platform-commons-1.8.2.jar;D:\Tool\.maven\repository\org\apiguardian\apiguardian-api\1.1.2\apiguardian-api-1.1.2.jar;D:\Tool\.maven\repository\org\junit\jupiter\junit-jupiter-params\5.8.2\junit-jupiter-params-5.8.2.jar;D:\Tool\.maven\repository\org\junit\jupiter\junit-jupiter-engine\5.8.2\junit-jupiter-engine-5.8.2.jar;D:\Tool\.maven\repository\org\junit\platform\junit-platform-engine\1.8.2\junit-platform-engine-1.8.2.jar;D:\Tool\.maven\repository\org\mockito\mockito-core\4.0.0\mockito-core-4.0.0.jar;D:\Tool\.maven\repository\net\bytebuddy\byte-buddy\1.11.22\byte-buddy-1.11.22.jar;D:\Tool\.maven\repository\net\bytebuddy\byte-buddy-agent\1.11.22\byte-buddy-agent-1.11.22.jar;D:\Tool\.maven\repository\org\objenesis\objenesis\3.2\objenesis-3.2.jar;D:\Tool\.maven\repository\org\mockito\mockito-junit-jupiter\4.0.0\mockito-junit-jupiter-4.0.0.jar;D:\Tool\.maven\repository\org\skyscreamer\jsonassert\1.5.1\jsonassert-1.5.1.jar;D:\Tool\.maven\repository\com\vaadin\external\google\android-json\0.0.20131108.vaadin1\android-json-0.0.20131108.vaadin1.jar;D:\Tool\.maven\repository\org\springframework\spring-core\5.3.23\spring-core-5.3.23.jar;D:\Tool\.maven\repository\org\springframework\spring-jcl\5.3.23\spring-jcl-5.3.23.jar;D:\Tool\.maven\repository\org\springframework\spring-test\5.3.23\spring-test-5.3.23.jar;D:\Tool\.maven\repository\org\xmlunit\xmlunit-core\2.8.4\xmlunit-core-2.8.4.jar;D:\Tool\.maven\repository\com\baomidou\mybatis-plus-boot-starter\3.5.2\mybatis-plus-boot-starter-3.5.2.jar;D:\Tool\.maven\repository\com\baomidou\mybatis-plus\3.5.2\mybatis-plus-3.5.2.jar;D:\Tool\.maven\repository\com\baomidou\mybatis-plus-extension\3.5.2\mybatis-plus-extension-3.5.2.jar;D:\Tool\.maven\repository\com\baomidou\mybatis-plus-core\3.5.2\mybatis-plus-core-3.5.2.jar;D:\Tool\.maven\repository\com\baomidou\mybatis-plus-annotation\3.5.2\mybatis-plus-annotation-3.5.2.jar;D:\Tool\.maven\repository\com\github\jsqlparser\jsqlparser\4.4\jsqlparser-4.4.jar;D:\Tool\.maven\repository\org\mybatis\mybatis\3.5.10\mybatis-3.5.10.jar;D:\Tool\.maven\repository\org\mybatis\mybatis-spring\2.0.7\mybatis-spring-2.0.7.jar;D:\Tool\.maven\repository\org\jetbrains\kotlin\kotlin-stdlib-jdk8\1.6.21\kotlin-stdlib-jdk8-1.6.21.jar;D:\Tool\.maven\repository\org\jetbrains\kotlin\kotlin-stdlib\1.6.21\kotlin-stdlib-1.6.21.jar;D:\Tool\.maven\repository\org\jetbrains\kotlin\kotlin-stdlib-common\1.6.21\kotlin-stdlib-common-1.6.21.jar;D:\Tool\.maven\repository\org\jetbrains\annotations\13.0\annotations-13.0.jar;D:\Tool\.maven\repository\org\jetbrains\kotlin\kotlin-stdlib-jdk7\1.6.21\kotlin-stdlib-jdk7-1.6.21.jar;D:\Tool\.maven\repository\org\springframework\boot\spring-boot-autoconfigure\2.6.13\spring-boot-autoconfigure-2.6.13.jar;D:\Tool\.maven\repository\org\springframework\boot\spring-boot-starter-jdbc\2.6.13\spring-boot-starter-jdbc-2.6.13.jar;D:\Tool\.maven\repository\com\zaxxer\HikariCP\4.0.3\HikariCP-4.0.3.jar;D:\Tool\.maven\repository\org\springframework\spring-jdbc\5.3.23\spring-jdbc-5.3.23.jar;D:\Tool\.maven\repository\org\springframework\spring-tx\5.3.23\spring-tx-5.3.23.jar;D:\Tool\.maven\repository\com\mysql\mysql-connector-j\8.3.0\mysql-connector-j-8.3.0.jar;D:\Tool\.maven\repository\com\alibaba\fastjson\1.2.33\fastjson-1.2.33.jar;D:\Tool\.maven\repository\io\jsonwebtoken\jjwt-api\0.11.5\jjwt-api-0.11.5.jar;D:\Tool\.maven\repository\io\jsonwebtoken\jjwt-impl\0.11.5\jjwt-impl-0.11.5.jar;D:\Tool\.maven\repository\io\jsonwebtoken\jjwt-jackson\0.11.5\jjwt-jackson-0.11.5.jar;D:\Tool\.maven\repository\com\fasterxml\jackson\core\jackson-databind\2.13.4.2\jackson-databind-2.13.4.2.jar;D:\Tool\.maven\repository\com\fasterxml\jackson\core\jackson-annotations\2.13.4\jackson-annotations-2.13.4.jar;D:\Tool\.maven\repository\com\fasterxml\jackson\core\jackson-core\2.13.4\jackson-core-2.13.4.jar;"/>
    <property name="sun.cpu.endian" value="little"/>
    <property name="user.home" value="C:\Users\LJF"/>
    <property name="user.language" value="zh"/>
    <property name="java.specification.vendor" value="Oracle Corporation"/>
    <property name="java.version.date" value="2024-01-16"/>
    <property name="java.home" value="D:\java17"/>
    <property name="file.separator" value="\"/>
    <property name="basedir" value="D:\大四上学期学习资料\实习实训\东软BUG测试管理系统\后端代码\bugtestall"/>
    <property name="java.vm.compressedOopsMode" value="32-bit"/>
    <property name="line.separator" value="&#10;"/>
    <property name="java.vm.specification.vendor" value="Oracle Corporation"/>
    <property name="java.specification.name" value="Java Platform API Specification"/>
    <property name="FILE_LOG_CHARSET" value="GBK"/>
    <property name="java.awt.headless" value="true"/>
    <property name="surefire.real.class.path" value="C:\Users\LJF\AppData\Local\Temp\surefire13226396373126299054\surefirebooter-20241128191441496_3.jar"/>
    <property name="user.script" value=""/>
    <property name="sun.management.compiler" value="HotSpot 64-Bit Tiered Compilers"/>
    <property name="java.runtime.version" value="17.0.10+11-LTS-240"/>
    <property name="user.name" value="LJF"/>
    <property name="path.separator" value=";"/>
    <property name="os.version" value="10.0"/>
    <property name="java.runtime.name" value="Java(TM) SE Runtime Environment"/>
    <property name="file.encoding" value="GBK"/>
    <property name="spring.beaninfo.ignore" value="true"/>
    <property name="java.vm.name" value="Java HotSpot(TM) 64-Bit Server VM"/>
    <property name="localRepository" value="D:\Tool\.maven\repository"/>
    <property name="java.vendor.url.bug" value="https://bugreport.java.com/bugreport/"/>
    <property name="java.io.tmpdir" value="C:\Users\LJF\AppData\Local\Temp\"/>
    <property name="idea.version" value="2023.1.5"/>
    <property name="java.version" value="17.0.10"/>
    <property name="user.dir" value="D:\大四上学期学习资料\实习实训\东软BUG测试管理系统\后端代码\bugtestall"/>
    <property name="os.arch" value="amd64"/>
    <property name="java.vm.specification.name" value="Java Virtual Machine Specification"/>
    <property name="PID" value="6664"/>
    <property name="sun.os.patch.level" value=""/>
    <property name="CONSOLE_LOG_CHARSET" value="GBK"/>
    <property name="native.encoding" value="GBK"/>
    <property name="java.library.path" value="D:\java17\bin;C:\WINDOWS\Sun\Java\bin;C:\WINDOWS\system32;C:\WINDOWS;C:\Program Files\Common Files\Oracle\Java\javapath;D:\java\bin;D:\VMware\bin\;C:\Windows\system32;C:\Windows;C:\Windows\System32\Wbem;C:\Windows\System32\WindowsPowerShell\v1.0\;C:\Windows\System32\OpenSSH\;C:\Program Files (x86)\NVIDIA Corporation\PhysX\Common;C:\Program Files\NVIDIA Corporation\NVIDIA NvDLISR;D:\mathworks\bin;C:\WINDOWS\system32;C:\WINDOWS;C:\WINDOWS\System32\Wbem;C:\WINDOWS\System32\WindowsPowerShell\v1.0\;C:\WINDOWS\System32\OpenSSH\;C:\Program Files (x86)\Altium Designer Winter 09\System;D:\360极速浏览器下载\Vivo互传\EasyShare\x86\;D:\360极速;览器下载\Vivo互传\EasyShare\x64\;C:\Pr;gram Files\CMake\bin;D:\java\jre\bin;C:\Program Files\Microsoft SQL Server\150\Tools\Binn\;C:\Program Files\dotnet\;C:\Users\LJF\AppData\Local\Packages\PythonSoftwareFoundation.Python.3.11_qbz5n2kfra8p0\LocalCache\local-packages\Python311\Scripts;C:\Program Files\Git\cmd;%HADOOP_HOME%\bin;D:\My_Py\ffmpeg-master-latest-win64-gpl-shared\bin;D:\Tool\Scala\scala-2.12.17\bin;D:\Tool\Xftp\;D:\Tool\Xshell 7\;D:\My_JAVA\apache-maven-3.9.6\bin;D:\My_JAVA\nodejs\;D:\My_JAVA\nodejs\node_global;C:\Program Files\MySQL\MySQL Server 8.0\bin\;C:\Users\LJF\AppData\Local\Microsoft\WindowsApps;D:\PyCharm Community Edition 2021.3\bin;C:\Program Files (x86)\Tencent\QQGameTempest\Hall.57938\;D:\Microsoft VS Code\bin;D:\mingw64_GCC8.1\mingw64\bin;C:\Users\LJF\.dotnet\tools;C:\Users\LJF\AppData\Roaming\npm;."/>
    <property name="java.vm.info" value="mixed mode, sharing"/>
    <property name="java.vendor" value="Oracle Corporation"/>
    <property name="java.vm.version" value="17.0.10+11-LTS-240"/>
    <property name="sun.io.unicode.encoding" value="UnicodeLittle"/>
    <property name="maven.repo.local" value="D:\Tool\.maven\repository"/>
    <property name="java.class.version" value="61.0"/>
  </properties>
  <testcase name="contextLoads" classname="com.dlut.bugtestmanage.BugTestManageApplicationTests" time="0.765">
    <system-out><![CDATA[19:14:42.213 [main] DEBUG org.springframework.test.context.BootstrapUtils - Instantiating CacheAwareContextLoaderDelegate from class [org.springframework.test.context.cache.DefaultCacheAwareContextLoaderDelegate]
19:14:42.221 [main] DEBUG org.springframework.test.context.BootstrapUtils - Instantiating BootstrapContext using constructor [public org.springframework.test.context.support.DefaultBootstrapContext(java.lang.Class,org.springframework.test.context.CacheAwareContextLoaderDelegate)]
19:14:42.255 [main] DEBUG org.springframework.test.context.BootstrapUtils - Instantiating TestContextBootstrapper for test class [com.dlut.bugtestmanage.BugTestManageApplicationTests] from class [org.springframework.boot.test.context.SpringBootTestContextBootstrapper]
19:14:42.267 [main] INFO org.springframework.boot.test.context.SpringBootTestContextBootstrapper - Neither @ContextConfiguration nor @ContextHierarchy found for test class [com.dlut.bugtestmanage.BugTestManageApplicationTests], using SpringBootContextLoader
19:14:42.270 [main] DEBUG org.springframework.test.context.support.AbstractContextLoader - Did not detect default resource location for test class [com.dlut.bugtestmanage.BugTestManageApplicationTests]: class path resource [com/dlut/bugtestmanage/BugTestManageApplicationTests-context.xml] does not exist
19:14:42.270 [main] DEBUG org.springframework.test.context.support.AbstractContextLoader - Did not detect default resource location for test class [com.dlut.bugtestmanage.BugTestManageApplicationTests]: class path resource [com/dlut/bugtestmanage/BugTestManageApplicationTestsContext.groovy] does not exist
19:14:42.270 [main] INFO org.springframework.test.context.support.AbstractContextLoader - Could not detect default resource locations for test class [com.dlut.bugtestmanage.BugTestManageApplicationTests]: no resource found for suffixes {-context.xml, Context.groovy}.
19:14:42.271 [main] INFO org.springframework.test.context.support.AnnotationConfigContextLoaderUtils - Could not detect default configuration classes for test class [com.dlut.bugtestmanage.BugTestManageApplicationTests]: BugTestManageApplicationTests does not declare any static, non-private, non-final, nested classes annotated with @Configuration.
19:14:42.321 [main] DEBUG org.springframework.test.context.support.ActiveProfilesUtils - Could not find an 'annotation declaring class' for annotation type [org.springframework.test.context.ActiveProfiles] and class [com.dlut.bugtestmanage.BugTestManageApplicationTests]
19:14:42.387 [main] DEBUG org.springframework.context.annotation.ClassPathScanningCandidateComponentProvider - Identified candidate component class: file [D:\大四上学期学习资料\实习实训\东软BUG测试管理系统\后端代码\bugtestall\target\classes\com\dlut\bugtestmanage\BugTestManageApplication.class]
19:14:42.391 [main] INFO org.springframework.boot.test.context.SpringBootTestContextBootstrapper - Found @SpringBootConfiguration com.dlut.bugtestmanage.BugTestManageApplication for test class com.dlut.bugtestmanage.BugTestManageApplicationTests
19:14:42.477 [main] DEBUG org.springframework.boot.test.context.SpringBootTestContextBootstrapper - @TestExecutionListeners is not present for class [com.dlut.bugtestmanage.BugTestManageApplicationTests]: using defaults.
19:14:42.477 [main] INFO org.springframework.boot.test.context.SpringBootTestContextBootstrapper - Loaded default TestExecutionListener class names from location [META-INF/spring.factories]: [org.springframework.boot.test.mock.mockito.MockitoTestExecutionListener, org.springframework.boot.test.mock.mockito.ResetMocksTestExecutionListener, org.springframework.boot.test.autoconfigure.restdocs.RestDocsTestExecutionListener, org.springframework.boot.test.autoconfigure.web.client.MockRestServiceServerResetTestExecutionListener, org.springframework.boot.test.autoconfigure.web.servlet.MockMvcPrintOnlyOnFailureTestExecutionListener, org.springframework.boot.test.autoconfigure.web.servlet.WebDriverTestExecutionListener, org.springframework.boot.test.autoconfigure.webservices.client.MockWebServiceServerTestExecutionListener, org.springframework.test.context.web.ServletTestExecutionListener, org.springframework.test.context.support.DirtiesContextBeforeModesTestExecutionListener, org.springframework.test.context.event.ApplicationEventsTestExecutionListener, org.springframework.test.context.support.DependencyInjectionTestExecutionListener, org.springframework.test.context.support.DirtiesContextTestExecutionListener, org.springframework.test.context.transaction.TransactionalTestExecutionListener, org.springframework.test.context.jdbc.SqlScriptsTestExecutionListener, org.springframework.test.context.event.EventPublishingTestExecutionListener]
19:14:42.491 [main] INFO org.springframework.boot.test.context.SpringBootTestContextBootstrapper - Using TestExecutionListeners: [org.springframework.test.context.web.ServletTestExecutionListener@7d1cfb8b, org.springframework.test.context.support.DirtiesContextBeforeModesTestExecutionListener@48e92c5c, org.springframework.test.context.event.ApplicationEventsTestExecutionListener@2e1ef60, org.springframework.boot.test.mock.mockito.MockitoTestExecutionListener@22356acd, org.springframework.boot.test.autoconfigure.SpringBootDependencyInjectionTestExecutionListener@386f0da3, org.springframework.test.context.support.DirtiesContextTestExecutionListener@39655d3e, org.springframework.test.context.transaction.TransactionalTestExecutionListener@34f22f9d, org.springframework.test.context.jdbc.SqlScriptsTestExecutionListener@3d1848cc, org.springframework.test.context.event.EventPublishingTestExecutionListener@7dda48d9, org.springframework.boot.test.mock.mockito.ResetMocksTestExecutionListener@6e4566f1, org.springframework.boot.test.autoconfigure.restdocs.RestDocsTestExecutionListener@4b6e2263, org.springframework.boot.test.autoconfigure.web.client.MockRestServiceServerResetTestExecutionListener@344f4dea, org.springframework.boot.test.autoconfigure.web.servlet.MockMvcPrintOnlyOnFailureTestExecutionListener@1b7c473a, org.springframework.boot.test.autoconfigure.web.servlet.WebDriverTestExecutionListener@5e4bd84a, org.springframework.boot.test.autoconfigure.webservices.client.MockWebServiceServerTestExecutionListener@648c94da]
19:14:42.494 [main] DEBUG org.springframework.test.context.support.AbstractDirtiesContextTestExecutionListener - Before test class: context [DefaultTestContext@531f4093 testClass = BugTestManageApplicationTests, testInstance = [null], testMethod = [null], testException = [null], mergedContextConfiguration = [WebMergedContextConfiguration@62ef27a8 testClass = BugTestManageApplicationTests, locations = '{}', classes = '{class com.dlut.bugtestmanage.BugTestManageApplication}', contextInitializerClasses = '[]', activeProfiles = '{}', propertySourceLocations = '{}', propertySourceProperties = '{org.springframework.boot.test.context.SpringBootTestContextBootstrapper=true}', contextCustomizers = set[org.springframework.boot.test.context.filter.ExcludeFilterContextCustomizer@1c7696c6, org.springframework.boot.test.json.DuplicateJsonObjectContextCustomizerFactory$DuplicateJsonObjectContextCustomizer@1e6a3214, org.springframework.boot.test.mock.mockito.MockitoContextCustomizer@0, org.springframework.boot.test.web.client.TestRestTemplateContextCustomizer@6d4d66d2, org.springframework.boot.test.autoconfigure.actuate.metrics.MetricsExportContextCustomizerFactory$DisableMetricExportContextCustomizer@78e4deb0, org.springframework.boot.test.autoconfigure.properties.PropertyMappingContextCustomizer@0, org.springframework.boot.test.autoconfigure.web.servlet.WebDriverContextCustomizerFactory$Customizer@74e28667, org.springframework.boot.test.context.SpringBootTestArgs@1, org.springframework.boot.test.context.SpringBootTestWebEnvironment@68ceda24], resourceBasePath = 'src/main/webapp', contextLoader = 'org.springframework.boot.test.context.SpringBootContextLoader', parent = [null]], attributes = map['org.springframework.test.context.web.ServletTestExecutionListener.activateListener' -> true]], class annotated with @DirtiesContext [false] with mode [null].

  .   ____          _            __ _ _
 /\\ / ___'_ __ _ _(_)_ __  __ _ \ \ \ \
( ( )\___ | '_ | '_| | '_ \/ _` | \ \ \ \
 \\/  ___)| |_)| | | | | || (_| |  ) ) ) )
  '  |____| .__|_| |_|_| |_\__, | / / / /
 =========|_|==============|___/=/_/_/_/
 :: Spring Boot ::               (v2.6.13)

2024-11-28 19:14:42.845  INFO 6664 --- [           main] c.d.b.BugTestManageApplicationTests      : Starting BugTestManageApplicationTests using Java 17.0.10 on LAPTOP-1J9JKDE2 with PID 6664 (started by LJF in D:\大四上学期学习资料\实习实训\东软BUG测试管理系统\后端代码\bugtestall)
2024-11-28 19:14:42.847  INFO 6664 --- [           main] c.d.b.BugTestManageApplicationTests      : No active profile set, falling back to 1 default profile: "default"
Logging initialized using 'class org.apache.ibatis.logging.stdout.StdOutImpl' adapter.
Registered plugin: 'com.baomidou.mybatisplus.extension.plugins.MybatisPlusInterceptor@43a09ce2'
Property 'mapperLocations' was not specified.
 _ _   |_  _ _|_. ___ _ |    _ 
| | |\/|_)(_| | |_\  |_)||_|_\ 
     /               |         
                        3.5.2 
2024-11-28 19:14:45.899  INFO 6664 --- [           main] c.d.b.BugTestManageApplicationTests      : Started BugTestManageApplicationTests in 3.368 seconds (JVM running for 4.3)
]]></system-out>
  </testcase>
</testsuite>